<?xml version="1.0" encoding="UTF-8"?>
<!-- Generated by org.testng.reporters.JUnitReportReporter -->
<testsuite hostname="DESKTOP-GFMI7UR" failures="0" tests="1" name="Test_Kite.Test_Class" time="6.580" errors="0" timestamp="2022-08-27T16:01:50 IST" skipped="0">
  <testcase classname="Test_Kite.Test_Class" name="Verify" time="6.580"/>
  <system-out>
    <![CDATA[runing verify user id]]>
  </system-out>
</testsuite> <!-- Test_Kite.Test_Class -->
