<?xml version="1.0" encoding="UTF-8"?>
<!-- Generated by org.testng.reporters.JUnitReportReporter -->
<testsuite hostname="DESKTOP-GFMI7UR" failures="0" tests="1" name="Test_Kite.Test_Acti" time="8.331" errors="0" timestamp="2022-08-26T14:40:02 IST" skipped="0">
  <testcase classname="Test_Kite.Test_Acti" name="VerifyText" time="8.331"/>
  <system-out/>
</testsuite> <!-- Test_Kite.Test_Acti -->
